Starting GC Content Analysis...
Processing sequence: AASB02000129.1
GC Content for AASB02000129.1: 0.55
Processing sequence: NZ_DS264506.1
GC Content for NZ_DS264506.1: 0.5670103092783505
Processing sequence: NZ_DS264505.1
GC Content for NZ_DS264505.1: 0.452991452991453
Processing sequence: NZ_BBWO01000058.1
GC Content for NZ_BBWO01000058.1: 0.7411764705882353
Sequence NZ_BBWO01000058.1 passed the cutoff. Writing to output.
Processing sequence: pdb|4ASO|X
GC Content for pdb|4ASO|X: 0.16666666666666666
Processing sequence: pdb|4ASO|W
GC Content for pdb|4ASO|W: 0.20833333333333334
Processing sequence: NZ_BBWN01000093.1
GC Content for NZ_BBWN01000093.1: 0.42857142857142855
Processing sequence: NZ_BBWN01000092.1
GC Content for NZ_BBWN01000092.1: 0.5208333333333334
Processing sequence: NZ_BBWN01000091.1
GC Content for NZ_BBWN01000091.1: 0.5961538461538461
Processing sequence: NZ_BBWN01000088.1
GC Content for NZ_BBWN01000088.1: 0.6242774566473989
Sequence NZ_BBWN01000088.1 passed the cutoff. Writing to output.
Processing sequence: pdb|4ASO|Y
GC Content for pdb|4ASO|Y: 0.20833333333333334
Processing sequence: NZ_BBWO01000060.1
GC Content for NZ_BBWO01000060.1: 0.6
Processing sequence: NZ_BBWO01000059.1
GC Content for NZ_BBWO01000059.1: 0.5657894736842105
Processing sequence: NZ_DS264504.1
GC Content for NZ_DS264504.1: 0.49193548387096775
Processing sequence: GG698157.1
GC Content for GG698157.1: 0.55
Processing sequence: GG698156.1
GC Content for GG698156.1: 0.69
Sequence GG698156.1 passed the cutoff. Writing to output.
Processing sequence: AASB02000070.1
GC Content for AASB02000070.1: 0.69
Sequence AASB02000070.1 passed the cutoff. Writing to output.
Processing sequence: NZ_BBWO01000061.1
GC Content for NZ_BBWO01000061.1: 0.7727272727272727
Sequence NZ_BBWO01000061.1 passed the cutoff. Writing to output.
Processing sequence: pdb|4ASS|Z
GC Content for pdb|4ASS|Z: 0.23076923076923078
Processing sequence: pdb|4ASS|Y
GC Content for pdb|4ASS|Y: 0.19230769230769232
Processing sequence: pdb|4ASO|Z
GC Content for pdb|4ASO|Z: 0.16666666666666666
Processing sequence: NZ_BBWN01000090.1
GC Content for NZ_BBWN01000090.1: 0.7083333333333334
Sequence NZ_BBWN01000090.1 passed the cutoff. Writing to output.
Processing sequence: NZ_BBWN01000089.1
GC Content for NZ_BBWN01000089.1: 0.5625
